therion 6.2.0 (2023-12-21)
  - using Proj 9.4.0, compiled against 9.4.0
initialization file: /etc/therion.ini
reading ... done
checking optional fonts csr10 csti10 csbx10 csss10 csssi10 ... NOT INSTALLED
checking optional fonts cmcyr10 cmcti10 cmcbx10 cmcss10 cmcssi10 ... OK
configuration file: thconfig
reading ... done
reading source files ... done
preprocessing database ... done
scanning centreline tree ... done
searching for centerline loops ... done
calculating station coordinates ... done
average loop error: 5.96%
processing survey data ... 
####################### cavern log file ########################
 1> Survex 1.4.4
 2> Copyright © 1990-2021 Olly Betts
 3> Survey has no fixed points. Therefore I’ve fixed 122 at (0,0,0)
 4> 
 5> Survey contains 712 survey stations, joined by 713 legs.
 6> There are 4 loops.
 7> Survey has 3 connected components.
 8> Total length of survey legs =  128.16m ( 128.06m adjusted)
 9> Total plan length of survey legs =  111.56m
10> Total vertical length of survey legs =   50.24m
11> Vertical range = 21.80m (from 23 at 9.90m to 432 at -11.91m)
12> North-South range = 20.83m (from 259 at 12.72m to 23 at -8.11m)
13> East-West range = 21.01m (from 648 at 5.47m to 568 at -15.54m)
14>  641 1-nodes.
15>   13 2-nodes.
16>    6 3-nodes.
17>    1 4-node.
18>    2 5-nodes.
19>    2 6-nodes.
20>    3 7-nodes.
21>    3 8-nodes.
22>    4 9-nodes.
23>    2 10-nodes.
24>    4 11-nodes.
25>    6 12-nodes.
26>    4 13-nodes.
27>    4 14-nodes.
28>    1 16-node.
29>    1 17-node.
30>    3 18-nodes.
31>    1 19-node.
32>    3 20-nodes.
33>    3 23-nodes.
34>    2 25-nodes.
35>    1 26-node.
36>    1 37-node.
37>    1 42-node.
38> 
######################### transcription ########################
 3> 122 : 9@homm.cave
 5> 712 : 9@pit2.cave
 6> 4 : -@entrance.cave
 7> 3 : -@entrance.cave
11> 23 : 0@entrance.cave -- 432 : 27@flake.cave
12> 259 : -@attic.cave -- 23 : 0@entrance.cave
13> 648 : -@pit.cave -- 568 : end@ramp.cave
14> 641 : 8@pit.cave
15> 13 : -@entrance.cave
16> 6 : -@entrance.cave
17> 1 : 1@entrance.cave
18> 2 : -@entrance.cave
19> 2 : -@entrance.cave
20> 3 : -@entrance.cave
21> 3 : -@entrance.cave
22> 4 : -@entrance.cave
23> 2 : -@entrance.cave
24> 4 : -@entrance.cave
25> 6 : -@entrance.cave
26> 4 : -@entrance.cave
27> 4 : -@entrance.cave
28> 1 : 1@entrance.cave
29> 1 : 1@entrance.cave
30> 3 : -@entrance.cave
31> 1 : 1@entrance.cave
32> 3 : -@entrance.cave
33> 3 : -@entrance.cave
34> 2 : -@entrance.cave
35> 1 : 1@entrance.cave
36> 1 : 1@entrance.cave
37> 1 : 1@entrance.cave
#################### end of cavern log file ####################
done
calculating basic statistics ... done
processing extended elevation ... done
processing references ... done
selecting export objects ... done
writing cave.3d ... done
processing projection plan ... done
average distortion: 1.06%
writing out/plan.xvi ... done
processing projection extended ... done
average distortion: 7.62%
writing out/elevation.xvi ... done


############### export maps & scraps selection #################
M    -4.53 pit-map@ ()
S    -6.30 plan@rift.cave ()
S    -4.07 plan@pit.cave ()
S    -3.98 plan@pit2.cave ()
S    -3.79 spider-dig@pit.cave ()
M    -3.97 other-scraps@ ()
S    -0.46 plan@attic.cave ()
S    -1.03 under-the-attic@attic.cave ()
S    -0.09 plan@top.cave ()
S    -1.53 plan@homm.cave ()
S    -6.30 plan@rift.cave ()
S    -8.13 far-end@rift.cave ()
S    -2.64 plan@birthday.cave ()
S    -7.87 plan@flake.cave ()
S    -7.73 plan@ramp.cave ()
M    -3.93 wip-map@ (Work in Progress)
S    -1.53 plan@homm.cave ()
S    -6.30 plan@rift.cave ()
S    -3.98 plan@pit2.cave ()
M     4.17 entrance-map@ ()
S     4.17 plan@entrance.cave ()
########## end of export maps & scraps selection ###############
writing out/standard_plan.pdf ...
####################### metapost log file ########################
This is MetaPost, version 2.02 (TeX Live 2023/Debian) (kpathsea version 6.3.5)  29 JUL 2024 16:41
**data.mp
(/usr/share/texlive/texmf-dist/metapost/base/mpost.mp
(/usr/share/texlive/texmf-dist/metapost/base/plain.mp
Preloading the plain mem file, version 1.005) ) (./data.mp
{randomseed:=42}
 [1] [2] [3] [4]
[5] [6] [7] [8] [9] [10] [11] [12] [13] [14]
[1] [2] [3] [4] [5] [6] [7]
[Warning: scrap outline intersects itself in scrap plan@pit.cave] [8] [9] [10]
[Warning: scrap outline intersects itself in scrap plan@rift.cave] [11] [12]
[13] [14] [15] [16] [17] [18] [19] [20] [21] [22] [23] [24] [25]
[Warning: scrap outline intersects itself in scrap plan@rift.cave] [26] [27]
[28]
[Warning: scrap outline intersects itself in scrap plan@homm.cave] [29] [30]
[31] [32] [33] [34] [35] [36] [37] [38] [39] [40] [41] [42] [43]
[Warning: scrap outline intersects itself in scrap plan@rift.cave] [44] [45]
[46]
[Warning: scrap outline intersects itself in scrap plan@homm.cave] [47] [48]
[49] [50] [51] [52] (./mptextmp.mp) [53] )
 
Here is how much of MetaPost's memory you used:
 14686 strings using 295406 characters
 3492704 bytes of node memory
 1683 symbolic tokens
 8i,82n,11p,312b,4f stack positions out of 16i,98n,12p,312b,6f
67 output files written: data-patt.1 .. data.53


#################### end of metapost log file ####################
converting scraps ... done
making map ... done
######################## pdftex log file #########################
This is pdfTeX, Version 3.141592653-2.6-1.40.25 (TeX Live 2023/Debian) (preloaded format=pdftex 2024.6.5)  29 JUL 2024 16:41
entering extended mode
 restricted \write18 enabled.
 %&-line parsing enabled.
**data.tex
(./data.tex (./th_enc.tex) (./th_texts.tex) (./th_resources.tex
(/usr/share/texlive/texmf-dist/tex/generic/pdftex/glyphtounicode.tex))
(./th_fontdef.tex{/var/lib/texmf/fonts/map/pdftex/updmap/pdftex.map})
(./th_formdef.tex) (./th_pagedef.tex) (./th_pages.tex)
 137 numeric registers used out of 32768
 [1] ) 
Here is how much of TeX's memory you used:
 356 strings out of 495845
 4879 string characters out of 6182331
 26245 words of memory out of 5000000
 1849 multiletter control sequences out of 15000+600000
 17289 words of font info for 58 fonts, out of 8000000 for 9000
 725 hyphenation exceptions out of 8191
 9i,5n,6p,229b,58s stack positions out of 10000i,1000n,20000p,200000b,200000s
</usr/share/texlive/texmf-dist/fonts/type1/public/amsfonts/cm/cmss10.pfb>
</usr/share/texlive/texmf-dist/fonts/type1/public/amsfonts/cm/cmssi10.pfb>
Output written on data.pdf (1 page, 138616 bytes).
PDF statistics:
 240 PDF objects out of 1000 (max. 8388607)
 125 compressed objects within 2 object streams
 0 named destinations out of 1000 (max. 500000)
 673 words of extra memory for PDF output out of 10000 (max. 10000000)


##################### end of pdftex log file #####################
done


############### export maps & scraps selection #################
M    -4.53 pit-map@ ()
S    -6.30 plan@rift.cave ()
S    -4.07 plan@pit.cave ()
S    -3.98 plan@pit2.cave ()
S    -3.79 spider-dig@pit.cave ()
M    -3.97 other-scraps@ ()
S    -0.46 plan@attic.cave ()
S    -1.03 under-the-attic@attic.cave ()
S    -0.09 plan@top.cave ()
S    -1.53 plan@homm.cave ()
S    -6.30 plan@rift.cave ()
S    -8.13 far-end@rift.cave ()
S    -2.64 plan@birthday.cave ()
S    -7.87 plan@flake.cave ()
S    -7.73 plan@ramp.cave ()
M    -3.93 wip-map@ (Work in Progress)
S    -1.53 plan@homm.cave ()
S    -6.30 plan@rift.cave ()
S    -3.98 plan@pit2.cave ()
M     4.17 entrance-map@ ()
S     4.17 plan@entrance.cave ()
########## end of export maps & scraps selection ###############
writing out/plan.pdf ...
####################### metapost log file ########################
This is MetaPost, version 2.02 (TeX Live 2023/Debian) (kpathsea version 6.3.5)  29 JUL 2024 16:41
**data.mp
(/usr/share/texlive/texmf-dist/metapost/base/mpost.mp
(/usr/share/texlive/texmf-dist/metapost/base/plain.mp
Preloading the plain mem file, version 1.005) ) (./data.mp
{randomseed:=42}
 [1] [2] [3] [4]
[5] [6] [7] [8] [9] [10] [11] [12] [13] [14]
[1] [2] [3] [4] [5] [6] [7]
[Warning: scrap outline intersects itself in scrap plan@pit.cave] [8] [9] [10]
[Warning: scrap outline intersects itself in scrap plan@rift.cave] [11] [12]
[13] [14] [15] [16] [17] [18] [19] [20] [21] [22] [23] [24] [25]
[Warning: scrap outline intersects itself in scrap plan@rift.cave] [26] [27]
[28]
[Warning: scrap outline intersects itself in scrap plan@homm.cave] [29] [30]
[31] [32] [33] [34] [35] [36] [37] [38] [39] [40] [41] [42] [43]
[Warning: scrap outline intersects itself in scrap plan@rift.cave] [44] [45]
[46]
[Warning: scrap outline intersects itself in scrap plan@homm.cave] [47] [48]
[49] [50] [51] [52] (./mptextmp.mp) [53] [54] [55] [56] [57] [58] [59] [60]
[61] [62] )
 
Here is how much of MetaPost's memory you used:
 15245 strings using 322776 characters
 3492704 bytes of node memory
 1683 symbolic tokens
 8i,82n,11p,312b,4f stack positions out of 16i,98n,12p,312b,6f
76 output files written: data-patt.1 .. data.62


#################### end of metapost log file ####################
converting scraps ... done
making map ... done
######################## pdftex log file #########################
This is pdfTeX, Version 3.141592653-2.6-1.40.25 (TeX Live 2023/Debian) (preloaded format=pdftex 2024.6.5)  29 JUL 2024 16:41
entering extended mode
 restricted \write18 enabled.
 %&-line parsing enabled.
**data.tex
(./data.tex (./th_enc.tex) (./th_texts.tex) (./th_resources.tex
(/usr/share/texlive/texmf-dist/tex/generic/pdftex/glyphtounicode.tex))
(./th_fontdef.tex{/var/lib/texmf/fonts/map/pdftex/updmap/pdftex.map})
(./th_formdef.tex) (./th_pagedef.tex) (./th_pages.tex)
 146 numeric registers used out of 32768
 [1] ) 
Here is how much of TeX's memory you used:
 364 strings out of 495845
 4943 string characters out of 6182331
 55767 words of memory out of 5000000
 1858 multiletter control sequences out of 15000+600000
 15392 words of font info for 52 fonts, out of 8000000 for 9000
 725 hyphenation exceptions out of 8191
 6i,5n,6p,229b,36s stack positions out of 10000i,1000n,20000p,200000b,200000s
</usr/share/texlive/texmf-dist/fonts/type1/public/amsfonts/cm/cmss10.pfb>

Output written on data.pdf (1 page, 151435 bytes).
PDF statistics:
 253 PDF objects out of 1000 (max. 8388607)
 131 compressed objects within 2 object streams
 0 named destinations out of 1000 (max. 500000)
 727 words of extra memory for PDF output out of 10000 (max. 10000000)


##################### end of pdftex log file #####################
done


############### export maps & scraps selection #################
M    -4.53 pit-map@ ()
S    -6.30 plan@rift.cave ()
S    -4.07 plan@pit.cave ()
S    -3.98 plan@pit2.cave ()
S    -3.79 spider-dig@pit.cave ()
M    -3.97 other-scraps@ ()
S    -0.46 plan@attic.cave ()
S    -1.03 under-the-attic@attic.cave ()
S    -0.09 plan@top.cave ()
S    -1.53 plan@homm.cave ()
S    -6.30 plan@rift.cave ()
S    -8.13 far-end@rift.cave ()
S    -2.64 plan@birthday.cave ()
S    -7.87 plan@flake.cave ()
S    -7.73 plan@ramp.cave ()
M    -3.93 wip-map@ (Work in Progress)
S    -1.53 plan@homm.cave ()
S    -6.30 plan@rift.cave ()
S    -3.98 plan@pit2.cave ()
M     4.17 entrance-map@ ()
S     4.17 plan@entrance.cave ()
########## end of export maps & scraps selection ###############
writing out/altitude_plan.pdf ...
####################### metapost log file ########################
This is MetaPost, version 2.02 (TeX Live 2023/Debian) (kpathsea version 6.3.5)  29 JUL 2024 16:41
**data.mp
(/usr/share/texlive/texmf-dist/metapost/base/mpost.mp
(/usr/share/texlive/texmf-dist/metapost/base/plain.mp
Preloading the plain mem file, version 1.005) ) (./data.mp
{randomseed:=42}
 [1] [2] [3] [4]
[5] [6] [7] [8] [9] [10] [11] [12] [13] [14]
[1] [2] [3] [4] [5] [6]
[Warning: scrap outline intersects itself in scrap plan@pit.cave] [7] [8] [9]
[Warning: scrap outline intersects itself in scrap plan@rift.cave] [10] [11]
[12] [13] [14] [15] [16] [17] [18] [19] [20] [21] [22]
[Warning: scrap outline intersects itself in scrap plan@rift.cave] [23] [24]
[25]
[Warning: scrap outline intersects itself in scrap plan@homm.cave] [26] [27]
[28] [29] [30] [31] [32] [33] [34] [35] [36] [37] [38] [39]
[Warning: scrap outline intersects itself in scrap plan@rift.cave] [40] [41]
[42]
[Warning: scrap outline intersects itself in scrap plan@homm.cave] [43] [44]
[45] [46] [47] [48] (./mptextmp.mp) [49] (./mptextmp.mp) (./mptextmp.mp)
(./mptextmp.mp) (./mptextmp.mp) [50] [51] [52] [53] [54] [55] [56] [57] [58]
[59] )
 
Here is how much of MetaPost's memory you used:
 15389 strings using 326360 characters
 3412208 bytes of node memory
 1683 symbolic tokens
 10i,82n,19p,454b,4f stack positions out of 16i,98n,22p,487b,6f
73 output files written: data-patt.1 .. data.59


#################### end of metapost log file ####################
converting scraps ... done
making map ... done
######################## pdftex log file #########################
This is pdfTeX, Version 3.141592653-2.6-1.40.25 (TeX Live 2023/Debian) (preloaded format=pdftex 2024.6.5)  29 JUL 2024 16:41
entering extended mode
 restricted \write18 enabled.
 %&-line parsing enabled.
**data.tex
(./data.tex (./th_enc.tex) (./th_texts.tex) (./th_resources.tex
(/usr/share/texlive/texmf-dist/tex/generic/pdftex/glyphtounicode.tex))
(./th_fontdef.tex{/var/lib/texmf/fonts/map/pdftex/updmap/pdftex.map}<<th_gour_a
aaaaaa.dat>><<th_gour_aaaaaab.dat>><<th_gour_aaaaaac.dat>><<th_gour_aaaaaad.dat
>><<th_gour_aaaaaae.dat>><<th_gour_aaaaaaf.dat>><<th_gour_aaaaaag.dat>><<th_gou
r_aaaaaah.dat>><<th_gour_aaaaaai.dat>><<th_gour_aaaaaaj.dat>><<th_gour_aaaaaba.
dat>><<th_gour_aaaaabb.dat>><<th_gour_aaaaabc.dat>><<th_gour_aaaaabd.dat>><<th_
gour_aaaaabe.dat>><<th_gour_aaaaabf.dat>><<th_gour_aaaaabg.dat>>)
(./th_formdef.tex) (./th_pagedef.tex (./th_legendcolor.tex)) (./th_pages.tex)
 166 numeric registers used out of 32768

[1] ) 
Here is how much of TeX's memory you used:
 388 strings out of 495845
 5171 string characters out of 6182331
 55850 words of memory out of 5000000
 1878 multiletter control sequences out of 15000+600000
 17897 words of font info for 60 fonts, out of 8000000 for 9000
 725 hyphenation exceptions out of 8191
 10i,6n,6p,388b,58s stack positions out of 10000i,1000n,20000p,200000b,200000s
</usr/share/texlive/texmf-dist/fonts/type1/public/amsfonts/cm/cmss10.pfb><
/usr/share/texlive/texmf-dist/fonts/type1/public/amsfonts/cm/cmssi10.pfb>
Output written on data.pdf (1 page, 161087 bytes).
PDF statistics:
 320 PDF objects out of 1000 (max. 8388607)
 168 compressed objects within 2 object streams
 0 named destinations out of 1000 (max. 500000)
 953 words of extra memory for PDF output out of 10000 (max. 10000000)


##################### end of pdftex log file #####################
done


############### export maps & scraps selection #################
S     0.00 ee@pit2.cave ()
S     0.00 pit-ee@pit.cave ()
S     0.00 ee@ramp.cave ()
S     0.00 birthday-ee@birthday.cave ()
S     0.00 dig2take2-ee@flake.cave ()
S     0.00 rift-ee@rift.cave ()
S     0.00 top-ee@top.cave ()
S     0.00 attic-ee@attic.cave ()
S     0.00 homm-ee@homm.cave ()
S     0.00 dig2take2-ee@entrance.cave ()
########## end of export maps & scraps selection ###############
writing out/elevation.pdf ...
####################### metapost log file ########################
This is MetaPost, version 2.02 (TeX Live 2023/Debian) (kpathsea version 6.3.5)  29 JUL 2024 16:41
**data.mp
(/usr/share/texlive/texmf-dist/metapost/base/mpost.mp
(/usr/share/texlive/texmf-dist/metapost/base/plain.mp
Preloading the plain mem file, version 1.005) ) (./data.mp
{randomseed:=42}
 [1] [2] [3] [4]
[5] [6] [7] [8] [9] [10] [11] [12] [13] [14]
[1]
[Warning: scrap outline intersects itself in scrap dig2take2-ee@entrance.cave]
[2] [3] [4] [5] [6] [7] [8] [9] [10] [11] [12] [13] [14] [15] [16] [17] [18]
[19] [20] (./mptextmp.mp) [21] [22] [23] [24] [25] [26] [27] [28] [29] [30] )
 
Here is how much of MetaPost's memory you used:
 4063 strings using 98248 characters
 3370416 bytes of node memory
 1685 symbolic tokens
 8i,82n,16p,312b,5f stack positions out of 16i,98n,20p,312b,6f
44 output files written: data-patt.1 .. data.30


#################### end of metapost log file ####################
converting scraps ... done
making map ... done
######################## pdftex log file #########################
This is pdfTeX, Version 3.141592653-2.6-1.40.25 (TeX Live 2023/Debian) (preloaded format=pdftex 2024.6.5)  29 JUL 2024 16:41
entering extended mode
 restricted \write18 enabled.
 %&-line parsing enabled.
**data.tex
(./data.tex (./th_enc.tex) (./th_texts.tex) (./th_resources.tex
(/usr/share/texlive/texmf-dist/tex/generic/pdftex/glyphtounicode.tex))
(./th_fontdef.tex{/var/lib/texmf/fonts/map/pdftex/updmap/pdftex.map})
(./th_formdef.tex) (./th_pagedef.tex) (./th_pages.tex)
 83 numeric registers used out of 32768
 [1] ) 
Here is how much of TeX's memory you used:
 301 strings out of 495845
 4190 string characters out of 6182331
 58159 words of memory out of 5000000
 1795 multiletter control sequences out of 15000+600000
 15392 words of font info for 52 fonts, out of 8000000 for 9000
 725 hyphenation exceptions out of 8191
 6i,5n,6p,229b,36s stack positions out of 10000i,1000n,20000p,200000b,200000s
</usr/share/texlive/texmf-dist/fonts/type1/public/amsfonts/cm/cmss10.pfb>

Output written on data.pdf (1 page, 52058 bytes).
PDF statistics:
 115 PDF objects out of 1000 (max. 8388607)
 61 compressed objects within 1 object stream
 0 named destinations out of 1000 (max. 500000)
 313 words of extra memory for PDF output out of 10000 (max. 10000000)


##################### end of pdftex log file #####################
done


############### export maps & scraps selection #################
M    -4.53 pit-map@ ()
S    -6.30 plan@rift.cave ()
S    -4.07 plan@pit.cave ()
S    -3.98 plan@pit2.cave ()
S    -3.79 spider-dig@pit.cave ()
M    -3.97 other-scraps@ ()
S    -0.46 plan@attic.cave ()
S    -1.03 under-the-attic@attic.cave ()
S    -0.09 plan@top.cave ()
S    -1.53 plan@homm.cave ()
S    -6.30 plan@rift.cave ()
S    -8.13 far-end@rift.cave ()
S    -2.64 plan@birthday.cave ()
S    -7.87 plan@flake.cave ()
S    -7.73 plan@ramp.cave ()
M    -3.93 wip-map@ (Work in Progress)
S    -1.53 plan@homm.cave ()
S    -6.30 plan@rift.cave ()
S    -3.98 plan@pit2.cave ()
M     4.17 entrance-map@ ()
S     4.17 plan@entrance.cave ()
########## end of export maps & scraps selection ###############
writing out/tmp.pdf ...
####################### metapost log file ########################
This is MetaPost, version 2.02 (TeX Live 2023/Debian) (kpathsea version 6.3.5)  29 JUL 2024 16:41
**data.mp
(/usr/share/texlive/texmf-dist/metapost/base/mpost.mp
(/usr/share/texlive/texmf-dist/metapost/base/plain.mp
Preloading the plain mem file, version 1.005) ) (./data.mp
{randomseed:=42}
 [1] [2] [3] [4]
[5] [6] [7] [8] [9] [10] [11] [12] [13] [14]
[1] [2] [3] [4] [5] [6] [7]
[Warning: scrap outline intersects itself in scrap plan@pit.cave] [8] [9] [10]
[Warning: scrap outline intersects itself in scrap plan@rift.cave] [11] [12]
[13] [14] [15] [16] [17] [18] [19] [20] [21] [22] [23] [24] [25]
[Warning: scrap outline intersects itself in scrap plan@rift.cave] [26] [27]
[28]
[Warning: scrap outline intersects itself in scrap plan@homm.cave] [29] [30]
[31] [32] [33] [34] [35] [36] [37] [38] [39] [40] [41] [42] [43]
[Warning: scrap outline intersects itself in scrap plan@rift.cave] [44] [45]
[46]
[Warning: scrap outline intersects itself in scrap plan@homm.cave] [47] [48]
[49] [50] [51] [52] (./mptextmp.mp) [53] [54] [55] [56] [57] [58] [59] [60]
[61] [62] )
 
Here is how much of MetaPost's memory you used:
 15245 strings using 322776 characters
 3492704 bytes of node memory
 1683 symbolic tokens
 8i,82n,11p,312b,4f stack positions out of 16i,98n,12p,312b,6f
76 output files written: data-patt.1 .. data.62


#################### end of metapost log file ####################
converting scraps ... done
making map ... done
######################## pdftex log file #########################
This is pdfTeX, Version 3.141592653-2.6-1.40.25 (TeX Live 2023/Debian) (preloaded format=pdftex 2024.6.5)  29 JUL 2024 16:41
entering extended mode
 restricted \write18 enabled.
 %&-line parsing enabled.
**data.tex
(./data.tex (./th_enc.tex) (./th_texts.tex) (./th_resources.tex
(/usr/share/texlive/texmf-dist/tex/generic/pdftex/glyphtounicode.tex))
(./th_fontdef.tex{/var/lib/texmf/fonts/map/pdftex/updmap/pdftex.map})
(./th_formdef.tex) (./th_pagedef.tex) (./th_pages.tex)
 146 numeric registers used out of 32768
 [1] ) 
Here is how much of TeX's memory you used:
 364 strings out of 495845
 4943 string characters out of 6182331
 55767 words of memory out of 5000000
 1858 multiletter control sequences out of 15000+600000
 15392 words of font info for 52 fonts, out of 8000000 for 9000
 725 hyphenation exceptions out of 8191
 6i,5n,6p,229b,36s stack positions out of 10000i,1000n,20000p,200000b,200000s
</usr/share/texlive/texmf-dist/fonts/type1/public/amsfonts/cm/cmss10.pfb>

Output written on data.pdf (1 page, 151435 bytes).
PDF statistics:
 253 PDF objects out of 1000 (max. 8388607)
 131 compressed objects within 2 object streams
 0 named destinations out of 1000 (max. 500000)
 727 words of extra memory for PDF output out of 10000 (max. 10000000)


##################### end of pdftex log file #####################
done
compilation time: 3 sec


######################### loop errors ##########################
REL-ERR ABS-ERR TOTAL-L STS X-ERROR Y-ERROR Z-ERROR STATIONS
  8.96%    1.4m   16.1m   7    0.8m   -0.6m    1.0m [1@pit.cave - 2 = 1@pit2.cave - 2 - 5 - 6 - 9 = 14@homm.cave - 13 - 12 = 1@pit.cave]
  0.72%    0.1m   10.6m   4    0.0m    0.1m    0.0m [1@pit2.cave - 2 - 3 = 4@pit.cave - 3 - 2 = 1@pit2.cave]
##################### end of loop errors #######################


###################### scrap distortions #######################
 PROJECTION: plan
 AVERAGE  MAXIMAL  SCRAP
   4.16%   48.11%  plan@pit2.cave
   2.49%   18.78%  plan@pit.cave
   3.24%   11.68%  plan@homm.cave
   0.15%    7.93%  plan@rift.cave
   0.11%    2.75%  plan@birthday.cave
   0.17%    1.81%  spider-dig@pit.cave
   0.33%    1.28%  plan@top.cave
   0.11%    1.14%  plan@entrance.cave
   0.20%    0.70%  far-end@rift.cave
   0.11%    0.63%  plan@attic.cave
   0.02%    0.56%  plan@flake.cave
   0.01%    0.09%  under-the-attic@attic.cave
   0.00%    0.00%  plan@ramp.cave
################### end of scrap distortions ###################


###################### scrap distortions #######################
 PROJECTION: extended
 AVERAGE  MAXIMAL  SCRAP
  41.21%   81.38%  pit-ee@pit.cave
  32.75%   60.11%  homm-ee@homm.cave
   2.58%   28.78%  ee@pit2.cave
   0.11%    1.28%  birthday-ee@birthday.cave
   0.07%    0.64%  dig2take2-ee@entrance.cave
   0.07%    0.23%  top-ee@top.cave
   0.04%    0.22%  attic-ee@attic.cave
   0.03%    0.20%  rift-ee@rift.cave
   0.06%    0.19%  dig2take2-ee@flake.cave
   0.00%    0.00%  ee@ramp.cave
################### end of scrap distortions ###################
